<?xml version="1.0" encoding="UTF-8"?>
<!-- Generated by org.testng.reporters.JUnitReportReporter -->
<testsuite hostname="DESKTOP-MM71A1S" failures="0" tests="1" name="Testcases.LoginWith_Validcredentials" time="1.295" errors="0" timestamp="24 Aug 2024 06:40:18 GMT" skipped="0">
  <testcase classname="Testcases.LoginWith_Validcredentials" name="CheckloginWithValidData" time="1.295"/>
</testsuite> <!-- Testcases.LoginWith_Validcredentials -->
